\BOOKMARK [0][-]{chapter*.2}{Abstract}{}% 1
\BOOKMARK [0][-]{chapter.1}{Introduction}{}% 2
\BOOKMARK [1][-]{section.1.1}{Objectives}{chapter.1}% 3
\BOOKMARK [1][-]{section.1.2}{Contributions}{chapter.1}% 4
\BOOKMARK [1][-]{section.1.3}{Proposal structure}{chapter.1}% 5
\BOOKMARK [0][-]{chapter.2}{Background}{}% 6
\BOOKMARK [1][-]{section.2.1}{Formal Language Theory}{chapter.2}% 7
\BOOKMARK [1][-]{section.2.2}{A tour of Coq proof assistant}{chapter.2}% 8
\BOOKMARK [1][-]{section.2.3}{Regular expressions}{chapter.2}% 9
\BOOKMARK [1][-]{section.2.4}{An Overview about Haskell}{chapter.2}% 10
\BOOKMARK [1][-]{section.2.5}{An Overview about QuickCheck}{chapter.2}% 11
\BOOKMARK [1][-]{section.2.6}{Formal Semantics}{chapter.2}% 12
\BOOKMARK [2][-]{subsection.2.6.1}{Operational semantics for a simple language}{section.2.6}% 13
\BOOKMARK [2][-]{subsection.2.6.2}{Operational Semantics for Regular Expressions}{section.2.6}% 14
\BOOKMARK [1][-]{section.2.7}{Regular Expression Parsing}{chapter.2}% 15
\BOOKMARK [2][-]{subsection.2.7.1}{Ambiguity in Regular Expressions}{section.2.7}% 16
\BOOKMARK [2][-]{subsection.2.7.2}{Greedy Disambiguation Policy}{section.2.7}% 17
\BOOKMARK [1][-]{section.2.8}{Thompson NFA construction}{chapter.2}% 18
\BOOKMARK [2][-]{subsection.2.8.1}{Data-type derivatives}{section.2.8}% 19
\BOOKMARK [0][-]{chapter.3}{Small-step operational semantics}{}% 20
\BOOKMARK [1][-]{section.3.1}{Small-step implementation details}{chapter.3}% 21
\BOOKMARK [1][-]{section.3.2}{Testsuit}{chapter.3}% 22
\BOOKMARK [2][-]{subsection.3.2.1}{Properties considered}{section.3.2}% 23
\BOOKMARK [2][-]{subsection.3.2.2}{Code coverage results}{section.3.2}% 24
\BOOKMARK [0][-]{chapter.4}{Big-step operational semantics}{}% 25
\BOOKMARK [1][-]{section.4.1}{Dealing with problematic REs}{chapter.4}% 26
\BOOKMARK [1][-]{section.4.2}{Big-step semantics for RE parsing}{chapter.4}% 27
\BOOKMARK [1][-]{section.4.3}{Coq formalization}{chapter.4}% 28
\BOOKMARK [1][-]{section.4.4}{Parse trees and bit-code representation}{chapter.4}% 29
\BOOKMARK [1][-]{section.4.5}{Formalizing the proposed semantics and its interpreter}{chapter.4}% 30
\BOOKMARK [1][-]{section.4.6}{Extracting a certified implementation}{chapter.4}% 31
\BOOKMARK [0][-]{chapter.5}{Related work}{}% 32
\BOOKMARK [0][-]{chapter.6}{Preliminary Results}{}% 33
\BOOKMARK [1][-]{section.6.1}{First version of the VM}{chapter.6}% 34
\BOOKMARK [0][-]{chapter.7}{Schedule and Expected Results}{}% 35
\BOOKMARK [0][-]{chapter.8}{Conclusion}{}% 36
\BOOKMARK [0][-]{appendix.A}{Correctness of the accept function}{}% 37
